Текущая скорость на колесах 0 км/ч 
Педаль газа нажата до половины, обороты увеличиваются до 1000
Педаль газа нажата до половины, обороты увеличиваются до 2000
Педаль газа нажата до половины, обороты увеличиваются до 3000
Педаль газа отпущена, обороты уменьшаются до 2000
Выжато сцепление
Передача переключена на 1
Сцепление отпущено
Обороты снижены до 1000
Текущая скорость на колесах 26 км/ч 
Педаль газа нажата до половины, обороты увеличиваются до 2000
Педаль газа нажата до половины, обороты увеличиваются до 3000
Педаль газа отпущена, обороты уменьшаются до 2000
Выжато сцепление
Передача переключена на 2
Сцепление отпущено
Обороты снижены до 1000
Текущая скорость на колесах 47 км/ч 
Педаль газа нажата до половины, обороты увеличиваются до 2000
Педаль газа нажата до половины, обороты увеличиваются до 3000
Педаль газа отпущена, обороты уменьшаются до 2000
Выжато сцепление
Передача переключена на 3
Сцепление отпущено
Обороты снижены до 1000
Текущая скорость на колесах 71 км/ч 
Педаль газа нажата до половины, обороты увеличиваются до 2000
Педаль газа нажата до половины, обороты увеличиваются до 3000
Педаль газа отпущена, обороты уменьшаются до 2000
Выжато сцепление
Передача переключена на 4
Сцепление отпущено
Обороты снижены до 1000
Текущая скорость на колесах 106 км/ч 
